[ 2018-07-27T08:59:05+08:00 ] 127.0.0.1 /index.php/Api/admin/read/id/1.json
INFO: [ app_init ] --START--
INFO: Run Behavior\BuildLiteBehavior [ RunTime:0.000011s ]
INFO: [ app_init ] --END-- [ RunTime:0.000442s ]
INFO: [ app_begin ] --START--
INFO: Run Behavior\ReadHtmlCacheBehavior [ RunTime:0.000530s ]
INFO: [ app_begin ] --END-- [ RunTime:0.000556s ]
SQL: SHOW COLUMNS FROM `admin` [ RunTime:0.0097s ]
NOTIC: [2] Missing argument 1 for I(), called in E:\Code\training\Application\Api\Controller\AdminController.class.php on line 20 and defined E:\Code\training\ThinkPHP\Common\functions.php 第 271 行.
NOTIC: [8] Undefined variable: name E:\Code\training\ThinkPHP\Common\functions.php 第 273 行.
NOTIC: [8] Undefined variable: name E:\Code\training\ThinkPHP\Common\functions.php 第 278 行.
NOTIC: [8] Undefined variable: name E:\Code\training\ThinkPHP\Common\functions.php 第 339 行.
SQL: SELECT `id`,`nickname`,`nickout` FROM `admin` WHERE ( id = 1 ) LIMIT 1   [ RunTime:0.0477s ]

[ 2018-07-27T08:59:12+08:00 ] 127.0.0.1 /index.php/Api/admin/read/id/1
INFO: [ app_init ] --START--
INFO: Run Behavior\BuildLiteBehavior [ RunTime:0.000006s ]
INFO: [ app_init ] --END-- [ RunTime:0.000345s ]
INFO: [ app_begin ] --START--
INFO: Run Behavior\ReadHtmlCacheBehavior [ RunTime:0.000452s ]
INFO: [ app_begin ] --END-- [ RunTime:0.000475s ]
SQL: SHOW COLUMNS FROM `admin` [ RunTime:0.0096s ]
NOTIC: [2] Missing argument 1 for I(), called in E:\Code\training\Application\Api\Controller\AdminController.class.php on line 20 and defined E:\Code\training\ThinkPHP\Common\functions.php 第 271 行.
NOTIC: [8] Undefined variable: name E:\Code\training\ThinkPHP\Common\functions.php 第 273 行.
NOTIC: [8] Undefined variable: name E:\Code\training\ThinkPHP\Common\functions.php 第 278 行.
NOTIC: [8] Undefined variable: name E:\Code\training\ThinkPHP\Common\functions.php 第 339 行.
SQL: SELECT `id`,`nickname`,`nickout` FROM `admin` WHERE ( id = 1 ) LIMIT 1   [ RunTime:0.0003s ]

[ 2018-07-27T08:59:33+08:00 ] 127.0.0.1 /index.php/Api/admin/read/id/1
INFO: [ app_init ] --START--
INFO: Run Behavior\BuildLiteBehavior [ RunTime:0.000005s ]
INFO: [ app_init ] --END-- [ RunTime:0.000388s ]
INFO: [ app_begin ] --START--
INFO: Run Behavior\ReadHtmlCacheBehavior [ RunTime:0.000475s ]
INFO: [ app_begin ] --END-- [ RunTime:0.000500s ]
SQL: SHOW COLUMNS FROM `admin` [ RunTime:0.0092s ]
NOTIC: [2] Missing argument 1 for I(), called in E:\Code\training\Application\Api\Controller\AdminController.class.php on line 20 and defined E:\Code\training\ThinkPHP\Common\functions.php 第 271 行.
NOTIC: [8] Undefined variable: name E:\Code\training\ThinkPHP\Common\functions.php 第 273 行.
NOTIC: [8] Undefined variable: name E:\Code\training\ThinkPHP\Common\functions.php 第 278 行.
NOTIC: [8] Undefined variable: name E:\Code\training\ThinkPHP\Common\functions.php 第 339 行.
SQL: SELECT `id`,`nickname`,`nickout` FROM `admin` WHERE ( id = 1 ) LIMIT 1   [ RunTime:0.0003s ]

[ 2018-07-27T08:59:41+08:00 ] 127.0.0.1 /index.php/Api/admin/read/id/1
INFO: [ app_init ] --START--
INFO: Run Behavior\BuildLiteBehavior [ RunTime:0.000006s ]
INFO: [ app_init ] --END-- [ RunTime:0.000368s ]
INFO: [ app_begin ] --START--
INFO: Run Behavior\ReadHtmlCacheBehavior [ RunTime:0.000477s ]
INFO: [ app_begin ] --END-- [ RunTime:0.000502s ]
SQL: SHOW COLUMNS FROM `admin` [ RunTime:0.0079s ]
NOTIC: [2] Missing argument 1 for I(), called in E:\Code\training\Application\Api\Controller\AdminController.class.php on line 20 and defined E:\Code\training\ThinkPHP\Common\functions.php 第 271 行.
NOTIC: [8] Undefined variable: name E:\Code\training\ThinkPHP\Common\functions.php 第 273 行.
NOTIC: [8] Undefined variable: name E:\Code\training\ThinkPHP\Common\functions.php 第 278 行.
NOTIC: [8] Undefined variable: name E:\Code\training\ThinkPHP\Common\functions.php 第 339 行.

[ 2018-07-27T09:01:21+08:00 ] 127.0.0.1 /index.php/Api/Admin/read/id/1
INFO: [ app_init ] --START--
INFO: Run Behavior\BuildLiteBehavior [ RunTime:0.000007s ]
INFO: [ app_init ] --END-- [ RunTime:0.000395s ]
INFO: [ app_begin ] --START--
INFO: Run Behavior\ReadHtmlCacheBehavior [ RunTime:0.000483s ]
INFO: [ app_begin ] --END-- [ RunTime:0.000508s ]
SQL: SHOW COLUMNS FROM `admin` [ RunTime:0.0099s ]
NOTIC: [2] Missing argument 1 for I(), called in E:\Code\training\Application\Api\Controller\AdminController.class.php on line 20 and defined E:\Code\training\ThinkPHP\Common\functions.php 第 271 行.
NOTIC: [8] Undefined variable: name E:\Code\training\ThinkPHP\Common\functions.php 第 273 行.
NOTIC: [8] Undefined variable: name E:\Code\training\ThinkPHP\Common\functions.php 第 278 行.
NOTIC: [8] Undefined variable: name E:\Code\training\ThinkPHP\Common\functions.php 第 339 行.
INFO: [ app_end ] --START--
INFO: Run Behavior\ShowPageTraceBehavior [ RunTime:0.000620s ]
INFO: [ app_end ] --END-- [ RunTime:0.000644s ]

[ 2018-07-27T09:02:19+08:00 ] 127.0.0.1 /index.php/Api/Admin/read/id/1
INFO: [ app_init ] --START--
INFO: Run Behavior\BuildLiteBehavior [ RunTime:0.000007s ]
INFO: [ app_init ] --END-- [ RunTime:0.000413s ]
INFO: [ app_begin ] --START--
INFO: Run Behavior\ReadHtmlCacheBehavior [ RunTime:0.000495s ]
INFO: [ app_begin ] --END-- [ RunTime:0.000521s ]
SQL: SHOW COLUMNS FROM `admin` [ RunTime:0.0078s ]
NOTIC: [2] Missing argument 1 for I(), called in E:\Code\training\Application\Api\Controller\AdminController.class.php on line 20 and defined E:\Code\training\ThinkPHP\Common\functions.php 第 271 行.
NOTIC: [8] Undefined variable: name E:\Code\training\ThinkPHP\Common\functions.php 第 273 行.
NOTIC: [8] Undefined variable: name E:\Code\training\ThinkPHP\Common\functions.php 第 278 行.
NOTIC: [8] Undefined variable: name E:\Code\training\ThinkPHP\Common\functions.php 第 339 行.
INFO: [ app_end ] --START--
INFO: Run Behavior\ShowPageTraceBehavior [ RunTime:0.000569s ]
INFO: [ app_end ] --END-- [ RunTime:0.000590s ]

[ 2018-07-27T09:02:33+08:00 ] 127.0.0.1 /index.php/Api/Admin/update/id/1
INFO: [ app_init ] --START--
INFO: Run Behavior\BuildLiteBehavior [ RunTime:0.000006s ]
INFO: [ app_init ] --END-- [ RunTime:0.000383s ]
INFO: [ app_begin ] --START--
INFO: Run Behavior\ReadHtmlCacheBehavior [ RunTime:0.000484s ]
INFO: [ app_begin ] --END-- [ RunTime:0.000511s ]
SQL: SHOW COLUMNS FROM `admin` [ RunTime:0.0100s ]
NOTIC: [2] Missing argument 1 for I(), called in E:\Code\training\Application\Api\Controller\AdminController.class.php on line 45 and defined E:\Code\training\ThinkPHP\Common\functions.php 第 271 行.
NOTIC: [8] Undefined variable: name E:\Code\training\ThinkPHP\Common\functions.php 第 273 行.
NOTIC: [8] Undefined variable: name E:\Code\training\ThinkPHP\Common\functions.php 第 278 行.
NOTIC: [8] Undefined variable: name E:\Code\training\ThinkPHP\Common\functions.php 第 339 行.
NOTIC: [8] Undefined index: nickout E:\Code\training\Application\Api\Model\AdminModel.class.php 第 34 行.
SQL: UPDATE `admin` SET `nickname`='123',`nickout`=NULL WHERE ( id  =49 ) [ RunTime:0.1014s ]

[ 2018-07-27T09:02:52+08:00 ] 127.0.0.1 /index.php/Api/Admin/update/id/1
INFO: [ app_init ] --START--
INFO: Run Behavior\BuildLiteBehavior [ RunTime:0.000005s ]
INFO: [ app_init ] --END-- [ RunTime:0.000362s ]
INFO: [ app_begin ] --START--
INFO: Run Behavior\ReadHtmlCacheBehavior [ RunTime:0.000462s ]
INFO: [ app_begin ] --END-- [ RunTime:0.000488s ]
SQL: SHOW COLUMNS FROM `admin` [ RunTime:0.0073s ]
NOTIC: [2] Missing argument 1 for I(), called in E:\Code\training\Application\Api\Controller\AdminController.class.php on line 45 and defined E:\Code\training\ThinkPHP\Common\functions.php 第 271 行.
NOTIC: [8] Undefined variable: name E:\Code\training\ThinkPHP\Common\functions.php 第 273 行.
NOTIC: [8] Undefined variable: name E:\Code\training\ThinkPHP\Common\functions.php 第 278 行.
NOTIC: [8] Undefined variable: name E:\Code\training\ThinkPHP\Common\functions.php 第 339 行.
SQL: UPDATE `admin` SET `nickname`='123',`nickout`='321' WHERE ( id  =49 ) [ RunTime:0.0707s ]

[ 2018-07-27T09:03:04+08:00 ] 127.0.0.1 /index.php/Api/Admin/read/id/1
INFO: [ app_init ] --START--
INFO: Run Behavior\BuildLiteBehavior [ RunTime:0.000006s ]
INFO: [ app_init ] --END-- [ RunTime:0.000408s ]
INFO: [ app_begin ] --START--
INFO: Run Behavior\ReadHtmlCacheBehavior [ RunTime:0.000453s ]
INFO: [ app_begin ] --END-- [ RunTime:0.000478s ]
SQL: SHOW COLUMNS FROM `admin` [ RunTime:0.0104s ]
NOTIC: [2] Missing argument 1 for I(), called in E:\Code\training\Application\Api\Controller\AdminController.class.php on line 20 and defined E:\Code\training\ThinkPHP\Common\functions.php 第 271 行.
NOTIC: [8] Undefined variable: name E:\Code\training\ThinkPHP\Common\functions.php 第 273 行.
NOTIC: [8] Undefined variable: name E:\Code\training\ThinkPHP\Common\functions.php 第 278 行.
NOTIC: [8] Undefined variable: name E:\Code\training\ThinkPHP\Common\functions.php 第 339 行.
INFO: [ app_end ] --START--
INFO: Run Behavior\ShowPageTraceBehavior [ RunTime:0.000560s ]
INFO: [ app_end ] --END-- [ RunTime:0.000581s ]

[ 2018-07-27T09:03:30+08:00 ] 127.0.0.1 /index.php/Api/Admin/read/id/1
INFO: [ app_init ] --START--
INFO: Run Behavior\BuildLiteBehavior [ RunTime:0.000006s ]
INFO: [ app_init ] --END-- [ RunTime:0.000400s ]
INFO: [ app_begin ] --START--
INFO: Run Behavior\ReadHtmlCacheBehavior [ RunTime:0.000502s ]
INFO: [ app_begin ] --END-- [ RunTime:0.000529s ]
SQL: SHOW COLUMNS FROM `admin` [ RunTime:0.0102s ]
NOTIC: [2] Missing argument 1 for I(), called in E:\Code\training\Application\Api\Controller\AdminController.class.php on line 20 and defined E:\Code\training\ThinkPHP\Common\functions.php 第 271 行.
NOTIC: [8] Undefined variable: name E:\Code\training\ThinkPHP\Common\functions.php 第 273 行.
NOTIC: [8] Undefined variable: name E:\Code\training\ThinkPHP\Common\functions.php 第 278 行.
NOTIC: [8] Undefined variable: name E:\Code\training\ThinkPHP\Common\functions.php 第 339 行.
INFO: [ app_end ] --START--
INFO: Run Behavior\ShowPageTraceBehavior [ RunTime:0.000609s ]
INFO: [ app_end ] --END-- [ RunTime:0.000630s ]

[ 2018-07-27T09:07:48+08:00 ] 127.0.0.1 /index.php/Api/admin/read/id/1
INFO: [ app_init ] --START--
INFO: Run Behavior\BuildLiteBehavior [ RunTime:0.000006s ]
INFO: [ app_init ] --END-- [ RunTime:0.000429s ]
INFO: [ app_begin ] --START--
INFO: Run Behavior\ReadHtmlCacheBehavior [ RunTime:0.000528s ]
INFO: [ app_begin ] --END-- [ RunTime:0.000554s ]
SQL: SHOW COLUMNS FROM `admin` [ RunTime:0.0100s ]
NOTIC: [2] Missing argument 1 for I(), called in E:\Code\training\Application\Api\Controller\AdminController.class.php on line 20 and defined E:\Code\training\ThinkPHP\Common\functions.php 第 271 行.
NOTIC: [8] Undefined variable: name E:\Code\training\ThinkPHP\Common\functions.php 第 273 行.
NOTIC: [8] Undefined variable: name E:\Code\training\ThinkPHP\Common\functions.php 第 278 行.
NOTIC: [8] Undefined variable: name E:\Code\training\ThinkPHP\Common\functions.php 第 339 行.
SQL: SELECT `id`,`nickname`,`nickout` FROM `admin` WHERE ( id = 1 ) LIMIT 1   [ RunTime:0.0003s ]

[ 2018-07-27T09:07:58+08:00 ] 127.0.0.1 /index.php/Api/admin/read/id/1
INFO: [ app_init ] --START--
INFO: Run Behavior\BuildLiteBehavior [ RunTime:0.000006s ]
INFO: [ app_init ] --END-- [ RunTime:0.000375s ]
INFO: [ app_begin ] --START--
INFO: Run Behavior\ReadHtmlCacheBehavior [ RunTime:0.000473s ]
INFO: [ app_begin ] --END-- [ RunTime:0.000499s ]
SQL: SHOW COLUMNS FROM `admin` [ RunTime:0.0129s ]
NOTIC: [2] Missing argument 1 for I(), called in E:\Code\training\Application\Api\Controller\AdminController.class.php on line 20 and defined E:\Code\training\ThinkPHP\Common\functions.php 第 271 行.
NOTIC: [8] Undefined variable: name E:\Code\training\ThinkPHP\Common\functions.php 第 273 行.
NOTIC: [8] Undefined variable: name E:\Code\training\ThinkPHP\Common\functions.php 第 278 行.
NOTIC: [8] Undefined variable: name E:\Code\training\ThinkPHP\Common\functions.php 第 339 行.
SQL: UPDATE `admin` SET `nickname`='123',`nickout`='321' WHERE ( id  =49 ) [ RunTime:0.0798s ]

[ 2018-07-27T09:08:13+08:00 ] 127.0.0.1 /index.php/Api/admin/read/id/1
INFO: [ app_init ] --START--
INFO: Run Behavior\BuildLiteBehavior [ RunTime:0.000007s ]
INFO: [ app_init ] --END-- [ RunTime:0.000372s ]
INFO: [ app_begin ] --START--
INFO: Run Behavior\ReadHtmlCacheBehavior [ RunTime:0.000554s ]
INFO: [ app_begin ] --END-- [ RunTime:0.000589s ]
SQL: SHOW COLUMNS FROM `admin` [ RunTime:0.0100s ]
NOTIC: [2] Missing argument 1 for I(), called in E:\Code\training\Application\Api\Controller\AdminController.class.php on line 20 and defined E:\Code\training\ThinkPHP\Common\functions.php 第 271 行.
NOTIC: [8] Undefined variable: name E:\Code\training\ThinkPHP\Common\functions.php 第 273 行.
NOTIC: [8] Undefined variable: name E:\Code\training\ThinkPHP\Common\functions.php 第 278 行.
NOTIC: [8] Undefined variable: name E:\Code\training\ThinkPHP\Common\functions.php 第 339 行.
SQL: UPDATE `admin` SET `nickname`='123',`nickout`='321' WHERE ( id  =49 ) [ RunTime:0.0867s ]

[ 2018-07-27T09:08:46+08:00 ] 127.0.0.1 /index.php/Api/admin/read/id/1
INFO: [ app_init ] --START--
INFO: Run Behavior\BuildLiteBehavior [ RunTime:0.000007s ]
INFO: [ app_init ] --END-- [ RunTime:0.000389s ]
INFO: [ app_begin ] --START--
INFO: Run Behavior\ReadHtmlCacheBehavior [ RunTime:0.000499s ]
INFO: [ app_begin ] --END-- [ RunTime:0.000525s ]
SQL: SHOW COLUMNS FROM `admin` [ RunTime:0.0100s ]
NOTIC: [2] Missing argument 1 for I(), called in E:\Code\training\Application\Api\Controller\AdminController.class.php on line 20 and defined E:\Code\training\ThinkPHP\Common\functions.php 第 271 行.
NOTIC: [8] Undefined variable: name E:\Code\training\ThinkPHP\Common\functions.php 第 273 行.
NOTIC: [8] Undefined variable: name E:\Code\training\ThinkPHP\Common\functions.php 第 278 行.
NOTIC: [8] Undefined variable: name E:\Code\training\ThinkPHP\Common\functions.php 第 339 行.
SQL: UPDATE `admin` SET `nickname`='123',`nickout`='321' WHERE ( id  =49 ) [ RunTime:0.0893s ]

[ 2018-07-27T09:09:03+08:00 ] 127.0.0.1 /index.php/Api/admin/read/id/1
INFO: [ app_init ] --START--
INFO: Run Behavior\BuildLiteBehavior [ RunTime:0.000007s ]
INFO: [ app_init ] --END-- [ RunTime:0.000388s ]
INFO: [ app_begin ] --START--
INFO: Run Behavior\ReadHtmlCacheBehavior [ RunTime:0.000486s ]
INFO: [ app_begin ] --END-- [ RunTime:0.000513s ]
SQL: SHOW COLUMNS FROM `admin` [ RunTime:0.0118s ]
NOTIC: [2] Missing argument 1 for I(), called in E:\Code\training\Application\Api\Controller\AdminController.class.php on line 20 and defined E:\Code\training\ThinkPHP\Common\functions.php 第 271 行.
NOTIC: [8] Undefined variable: name E:\Code\training\ThinkPHP\Common\functions.php 第 273 行.
NOTIC: [8] Undefined variable: name E:\Code\training\ThinkPHP\Common\functions.php 第 278 行.
NOTIC: [8] Undefined variable: name E:\Code\training\ThinkPHP\Common\functions.php 第 339 行.
SQL: UPDATE `admin` SET `nickname`='123',`nickout`='3221' WHERE ( id  =49 ) [ RunTime:0.0638s ]

[ 2018-07-27T09:09:53+08:00 ] 127.0.0.1 /index.php/Api/admin/read/id/1
INFO: [ app_init ] --START--
INFO: Run Behavior\BuildLiteBehavior [ RunTime:0.000006s ]
INFO: [ app_init ] --END-- [ RunTime:0.000394s ]
INFO: [ app_begin ] --START--
INFO: Run Behavior\ReadHtmlCacheBehavior [ RunTime:0.000507s ]
INFO: [ app_begin ] --END-- [ RunTime:0.000534s ]
SQL: SHOW COLUMNS FROM `admin` [ RunTime:0.0110s ]
NOTIC: [2] Missing argument 1 for I(), called in E:\Code\training\Application\Api\Controller\AdminController.class.php on line 20 and defined E:\Code\training\ThinkPHP\Common\functions.php 第 271 行.
NOTIC: [8] Undefined variable: name E:\Code\training\ThinkPHP\Common\functions.php 第 273 行.
NOTIC: [8] Undefined variable: name E:\Code\training\ThinkPHP\Common\functions.php 第 278 行.
NOTIC: [8] Undefined variable: name E:\Code\training\ThinkPHP\Common\functions.php 第 339 行.
SQL: SELECT `id`,`nickname`,`nickout` FROM `admin` WHERE ( id = 1 ) LIMIT 1   [ RunTime:0.0003s ]

[ 2018-07-27T09:10:12+08:00 ] 127.0.0.1 /index.php/Api/admin/read/id/1
INFO: [ app_init ] --START--
INFO: Run Behavior\BuildLiteBehavior [ RunTime:0.000007s ]
INFO: [ app_init ] --END-- [ RunTime:0.000314s ]
INFO: [ app_begin ] --START--
INFO: Run Behavior\ReadHtmlCacheBehavior [ RunTime:0.000494s ]
INFO: [ app_begin ] --END-- [ RunTime:0.000521s ]
SQL: SHOW COLUMNS FROM `admin` [ RunTime:0.0083s ]
NOTIC: [2] Missing argument 1 for I(), called in E:\Code\training\Application\Api\Controller\AdminController.class.php on line 20 and defined E:\Code\training\ThinkPHP\Common\functions.php 第 271 行.
NOTIC: [8] Undefined variable: name E:\Code\training\ThinkPHP\Common\functions.php 第 273 行.
NOTIC: [8] Undefined variable: name E:\Code\training\ThinkPHP\Common\functions.php 第 278 行.
NOTIC: [8] Undefined variable: name E:\Code\training\ThinkPHP\Common\functions.php 第 339 行.
SQL: SELECT `id`,`nickname`,`nickout` FROM `admin` WHERE ( id = 1 ) LIMIT 1   [ RunTime:0.0003s ]

